Number: 82549
Factors: 82549
Elapsed time: 0.000239 seconds
Number: 33667
Factors: 257 131
Elapsed time: 0.000328 seconds
Number: 48461
Factors: 23 7 7 43
Elapsed time: 0.000933 seconds
Number: 48461
Factors: 23 7 7 43
Elapsed time: 0.000685 seconds
Number: 48461
Factors: 23 7 7 43
Elapsed time: 0.001595 seconds
Number: 5015
Factors: 1003 5
Elapsed time: 0.000192 seconds
Number: 5015
Factors: 1003 5
Elapsed time: 0.001329 seconds
Number: 78583
Factors: 78583
Elapsed time: 0.000236 seconds
Number: 78583
Factors: 78583
Elapsed time: 0.000315 seconds
Number: 95610
Factors: 2 3187 3 5
Elapsed time: 0.000401 seconds
Number: 9448204267
Factors: 42368629 223
Elapsed time: 0.001995 seconds
Number: 7472564865
Factors: 45161 3 3 5 3677
Elapsed time: 0.001954 seconds
Number: 4846306620
Factors: 2 2 128413 3 5 17 37
Elapsed time: 0.001128 seconds
Number: 4846306620
Factors: 2 2 128413 3 5 17 37
Elapsed time: 0.000662 seconds
Number: 5907902267
Factors: 63863 79 1171
Elapsed time: 0.010559 seconds
Number: 6827472394
Factors: 2 10129781 337
Elapsed time: 0.002548 seconds
Number: 4001071076
Factors: 2 2 5303 23 59 139
Elapsed time: 0.000916 seconds
Number: 6165458953
Factors: 6165458953
Elapsed time: 0.016857 seconds
Number: 9269973474
Factors: 2 1327 3 41 73 389 1
Elapsed time: 0.001125 seconds
Number: 3183949042
Factors: 2 26982619 59
Elapsed time: 0.001491 seconds
Number: 710586004923698
Factors: 2 451452353827 787
Elapsed time: 0.127168 seconds
Number: 2586636621931
Factors: 3837643 674017
Elapsed time: 0.255019 seconds
Number: 2586636621931
Factors: 3837643 674017
Elapsed time: 0.249105 seconds
Number: 554957879680708
Factors: 2 2 5225821 7 7 239 2267 1 1
Elapsed time: 0.002823 seconds
Number: 328580185112632
Factors: 2 2 2 2416030772887 17
Elapsed time: 0.276221 seconds
Number: 322763128002492
Factors: 2 2 9748795699 3 31 89
Elapsed time: 0.019219 seconds
Number: 48964114485086
Factors: 2 2796990431 8753
Elapsed time: 0.015605 seconds
Number: 183273910604054
Factors: 2 48527 199 1213 7823
Elapsed time: 0.005020 seconds
Number: 183273910604054
Factors: 2 48527 199 1213 7823
Elapsed time: 0.005346 seconds
Number: 912733820572780
Factors: 2 2 45636691028639 5
Elapsed time: 1.261433 seconds
Number: 94634732182283792212
Factors: 2 2 36040178117201 7 7 13397
Elapsed time: 1.100286 seconds
Number: 92089677375812994286
Factors: 2 1142740337 439 1321 69481
Elapsed time: 0.036618 seconds
Number: 22133161958947808574
Factors: 2 12337325506659871 3 13 23
Elapsed time: 20.127644 seconds
Number: 23123464001104060371
Factors: 5197452011936179 3 1483
Elapsed time: 13.103444 seconds
Number: 98800052992690416022
Factors: 2 461682490620048673 107
Elapsed time: 124.647709 seconds
Number: 88375410597208993954
Factors: 2 569627387088349 77573
Elapsed time: 4.439200 seconds
Number: 42050776099453266865
Factors: 32687 5 23 233 1223 4999 7853 1
Elapsed time: 0.007849 seconds
Number: 42050776099453266865
Factors: 32687 5 23 233 1223 4999 7853 1
Elapsed time: 0.006937 seconds
Number: 89996809811888888264
Factors: 2 2 2 19264698161117 293 1993
Elapsed time: 0.810442 seconds
Number: 8401365571806660498
Factors: 2 41135979179797 3 34039
Elapsed time: 1.169791 seconds
Number: 3296132268772007312216887
Factors: 148820407153405483 421 52609
Elapsed time: 71.487965 seconds
Number: 215810113524189638213407
Factors: 115862554968616913 17 109567
Elapsed time: 64.276371 seconds
Number: 8369698781787262965317287
Number: 6454801486693234339494390
Factors: 2 933714117956183 3 3 5 11 109 64063 1 1
Elapsed time: 8.026879 seconds
Number: 4264290807238213164168061
2 total processes killed (some possibly by mpiexec during cleanup)
2 total processes killed (some possibly by mpiexec during cleanup)
2 total processes killed (some possibly by mpiexec during cleanup)
2 total processes killed (some possibly by mpiexec during cleanup)
Number: 7075557718832313498156567
2 total processes killed (some possibly by mpiexec during cleanup)
2 total processes killed (some possibly by mpiexec during cleanup)
2 total processes killed (some possibly by mpiexec during cleanup)
2 total processes killed (some possibly by mpiexec during cleanup)
2 total processes killed (some possibly by mpiexec during cleanup)
2 total processes killed (some possibly by mpiexec during cleanup)
2 total processes killed (some possibly by mpiexec during cleanup)
2 total processes killed (some possibly by mpiexec during cleanup)
2 total processes killed (some possibly by mpiexec during cleanup)
2 total processes killed (some possibly by mpiexec during cleanup)
2 total processes killed (some possibly by mpiexec during cleanup)
2 total processes killed (some possibly by mpiexec during cleanup)
2 total processes killed (some possibly by mpiexec during cleanup)
2 total processes killed (some possibly by mpiexec during cleanup)
2 total processes killed (some possibly by mpiexec during cleanup)
2 total processes killed (some possibly by mpiexec during cleanup)
2 total processes killed (some possibly by mpiexec during cleanup)
2 total processes killed (some possibly by mpiexec during cleanup)
2 total processes killed (some possibly by mpiexec during cleanup)
2 total processes killed (some possibly by mpiexec during cleanup)
2 total processes killed (some possibly by mpiexec during cleanup)
2 total processes killed (some possibly by mpiexec during cleanup)
2 total processes killed (some possibly by mpiexec during cleanup)
2 total processes killed (some possibly by mpiexec during cleanup)
2 total processes killed (some possibly by mpiexec during cleanup)
2 total processes killed (some possibly by mpiexec during cleanup)
2 total processes killed (some possibly by mpiexec during cleanup)
2 total processes killed (some possibly by mpiexec during cleanup)
2 total processes killed (some possibly by mpiexec during cleanup)
2 total processes killed (some possibly by mpiexec during cleanup)
2 total processes killed (some possibly by mpiexec during cleanup)
2 total processes killed (some possibly by mpiexec during cleanup)
2 total processes killed (some possibly by mpiexec during cleanup)
2 total processes killed (some possibly by mpiexec during cleanup)
2 total processes killed (some possibly by mpiexec during cleanup)
2 total processes killed (some possibly by mpiexec during cleanup)
2 total processes killed (some possibly by mpiexec during cleanup)
2 total processes killed (some possibly by mpiexec during cleanup)
2 total processes killed (some possibly by mpiexec during cleanup)
2 total processes killed (some possibly by mpiexec during cleanup)
2 total processes killed (some possibly by mpiexec during cleanup)
2 total processes killed (some possibly by mpiexec during cleanup)
2 total processes killed (some possibly by mpiexec during cleanup)
2 total processes killed (some possibly by mpiexec during cleanup)
2 total processes killed (some possibly by mpiexec during cleanup)
2 total processes killed (some possibly by mpiexec during cleanup)
2 total processes killed (some possibly by mpiexec during cleanup)
2 total processes killed (some possibly by mpiexec during cleanup)
2 total processes killed (some possibly by mpiexec during cleanup)
2 total processes killed (some possibly by mpiexec during cleanup)
2 total processes killed (some possibly by mpiexec during cleanup)
2 total processes killed (some possibly by mpiexec during cleanup)
2 total processes killed (some possibly by mpiexec during cleanup)
2 total processes killed (some possibly by mpiexec during cleanup)
2 total processes killed (some possibly by mpiexec during cleanup)
2 total processes killed (some possibly by mpiexec during cleanup)
2 total processes killed (some possibly by mpiexec during cleanup)
2 total processes killed (some possibly by mpiexec during cleanup)
2 total processes killed (some possibly by mpiexec during cleanup)
2 total processes killed (some possibly by mpiexec during cleanup)
2 total processes killed (some possibly by mpiexec during cleanup)
2 total processes killed (some possibly by mpiexec during cleanup)
2 total processes killed (some possibly by mpiexec during cleanup)
2 total processes killed (some possibly by mpiexec during cleanup)
2 total processes killed (some possibly by mpiexec during cleanup)
2 total processes killed (some possibly by mpiexec during cleanup)
2 total processes killed (some possibly by mpiexec during cleanup)
2 total processes killed (some possibly by mpiexec during cleanup)
2 total processes killed (some possibly by mpiexec during cleanup)
2 total processes killed (some possibly by mpiexec during cleanup)
2 total processes killed (some possibly by mpiexec during cleanup)
2 total processes killed (some possibly by mpiexec during cleanup)
2 total processes killed (some possibly by mpiexec during cleanup)
2 total processes killed (some possibly by mpiexec during cleanup)
2 total processes killed (some possibly by mpiexec during cleanup)
2 total processes killed (some possibly by mpiexec during cleanup)
2 total processes killed (some possibly by mpiexec during cleanup)
2 total processes killed (some possibly by mpiexec during cleanup)
2 total processes killed (some possibly by mpiexec during cleanup)
2 total processes killed (some possibly by mpiexec during cleanup)
2 total processes killed (some possibly by mpiexec during cleanup)
2 total processes killed (some possibly by mpiexec during cleanup)
2 total processes killed (some possibly by mpiexec during cleanup)
2 total processes killed (some possibly by mpiexec during cleanup)
2 total processes killed (some possibly by mpiexec during cleanup)
2 total processes killed (some possibly by mpiexec during cleanup)
2 total processes killed (some possibly by mpiexec during cleanup)
2 total processes killed (some possibly by mpiexec during cleanup)
2 total processes killed (some possibly by mpiexec during cleanup)
2 total processes killed (some possibly by mpiexec during cleanup)
2 total processes killed (some possibly by mpiexec during cleanup)
2 total processes killed (some possibly by mpiexec during cleanup)
2 total processes killed (some possibly by mpiexec during cleanup)
2 total processes killed (some possibly by mpiexec during cleanup)
2 total processes killed (some possibly by mpiexec during cleanup)
2 total processes killed (some possibly by mpiexec during cleanup)
2 total processes killed (some possibly by mpiexec during cleanup)
2 total processes killed (some possibly by mpiexec during cleanup)
2 total processes killed (some possibly by mpiexec during cleanup)
2 total processes killed (some possibly by mpiexec during cleanup)
2 total processes killed (some possibly by mpiexec during cleanup)
2 total processes killed (some possibly by mpiexec during cleanup)
2 total processes killed (some possibly by mpiexec during cleanup)
2 total processes killed (some possibly by mpiexec during cleanup)
2 total processes killed (some possibly by mpiexec during cleanup)
2 total processes killed (some possibly by mpiexec during cleanup)
2 total processes killed (some possibly by mpiexec during cleanup)
2 total processes killed (some possibly by mpiexec during cleanup)
2 total processes killed (some possibly by mpiexec during cleanup)
2 total processes killed (some possibly by mpiexec during cleanup)
2 total processes killed (some possibly by mpiexec during cleanup)
2 total processes killed (some possibly by mpiexec during cleanup)
Number: 7512934986677996086641742264536209612203
