Number: (5) 24797
please wait...
Factors: 137 181
Elapsed time: 0.000056 seconds
Number: (5) 24797
please wait...
Factors: 137 181
Elapsed time: 0.000052 seconds
Number: (5) 24797
please wait...
Factors: 137 181
Elapsed time: 0.000050 seconds
Number: (5) 24797
please wait...
Factors: 137 181
Elapsed time: 0.000049 seconds
Number: (5) 24797
please wait...
Factors: 137 181
Elapsed time: 0.000049 seconds
Number: (5) 24797
please wait...
Factors: 137 181
Elapsed time: 0.000049 seconds
Number: (5) 24797
please wait...
Factors: 137 181
Elapsed time: 0.000273 seconds
Number: (5) 24797
please wait...
Factors: 137 181
Elapsed time: 0.000049 seconds
Number: (5) 24797
please wait...
Factors: 137 181
Elapsed time: 0.000053 seconds
Number: (5) 24797
please wait...
Factors: 137 181
Elapsed time: 0.000050 seconds
Number: (10) 2479752083
please wait...
Factors: 6037 410759
Elapsed time: 0.000495 seconds
Number: (10) 2479752083
please wait...
Factors: 6037 410759
Elapsed time: 0.000483 seconds
Number: (10) 2479752083
please wait...
Factors: 6037 410759
Elapsed time: 0.000476 seconds
Number: (10) 2479752083
please wait...
Factors: 6037 410759
Elapsed time: 0.000477 seconds
Number: (10) 2479752083
please wait...
Factors: 6037 410759
Elapsed time: 0.000477 seconds
Number: (10) 2479752083
please wait...
Factors: 6037 410759
Elapsed time: 0.000505 seconds
Number: (10) 2479752083
please wait...
Factors: 6037 410759
Elapsed time: 0.000474 seconds
Number: (10) 2479752083
please wait...
Factors: 6037 410759
Elapsed time: 0.000507 seconds
Number: (10) 2479752083
please wait...
Factors: 6037 410759
Elapsed time: 0.000479 seconds
Number: (10) 2479752083
please wait...
Factors: 6037 410759
Elapsed time: 0.000485 seconds
Number: (15) 247975208333236
please wait...
Factors: 2 2 537661 115302769
Elapsed time: 0.033482 seconds
Number: (15) 247975208333236
please wait...
Factors: 2 2 537661 115302769
Elapsed time: 0.030837 seconds
Number: (15) 247975208333236
please wait...
Factors: 2 2 537661 115302769
Elapsed time: 0.028769 seconds
Number: (15) 247975208333236
please wait...
Factors: 2 2 537661 115302769
Elapsed time: 0.027415 seconds
Number: (15) 247975208333236
please wait...
Factors: 2 2 537661 115302769
Elapsed time: 0.027608 seconds
Number: (15) 247975208333236
please wait...
Factors: 2 2 537661 115302769
Elapsed time: 0.028161 seconds
Number: (15) 247975208333236
please wait...
Factors: 2 2 537661 115302769
Elapsed time: 0.028071 seconds
Number: (15) 247975208333236
please wait...
Factors: 2 2 537661 115302769
Elapsed time: 0.029243 seconds
Number: (15) 247975208333236
please wait...
Factors: 2 2 537661 115302769
Elapsed time: 0.027648 seconds
Number: (15) 247975208333236
please wait...
Factors: 2 2 537661 115302769
Elapsed time: 0.027431 seconds
Number: (20) 24797520833323654004
please wait...
Factors: 2 2 97 181 2909 121381986877
Elapsed time: 0.017647 seconds
Number: (20) 24797520833323654004
please wait...
Factors: 2 2 97 181 2909 121381986877
Elapsed time: 0.018325 seconds
Number: (20) 24797520833323654004
please wait...
Factors: 2 2 97 181 2909 121381986877
Elapsed time: 0.021248 seconds
Number: (20) 24797520833323654004
please wait...
Factors: 2 2 97 181 2909 121381986877
Elapsed time: 0.018999 seconds
Number: (20) 24797520833323654004
please wait...
Factors: 2 2 97 181 2909 121381986877
Elapsed time: 0.017275 seconds
Number: (20) 24797520833323654004
please wait...
Factors: 2 2 97 181 2909 121381986877
Elapsed time: 0.018240 seconds
Number: (20) 24797520833323654004
please wait...
Factors: 2 2 97 181 2909 121381986877
Elapsed time: 0.017536 seconds
Number: (20) 24797520833323654004
please wait...
Factors: 2 2 97 181 2909 121381986877
Elapsed time: 0.018440 seconds
Number: (20) 24797520833323654004
please wait...
Factors: 2 2 97 181 2909 121381986877
Elapsed time: 0.021156 seconds
Number: (20) 24797520833323654004
please wait...
Factors: 2 2 97 181 2909 121381986877
Elapsed time: 0.017158 seconds
Number: (25) 2479752083332365400454505
please wait...
Factors: 3 5 59 17123 163638366826947031
Elapsed time: 20.204662 seconds
Number: (25) 4398595911060418351262854
please wait...
Factors: 2 1109 124377241 15944525723983
Elapsed time: 6.303749 seconds
Number: (25) 2605281586557932656930227
please wait...
Factors: 3 7 16229 7644403717501394203
Elapsed time: 143.292312 seconds
Number: (25) 2060713917752655515307765
please wait...
Factors: 3 5 57301 1186923197 2019954683
Elapsed time: 61.030112 seconds
Number: (25) 1377254738863222310984025
please wait...
Factors: 3 5 5 7 37 79687 453197 1963264187
Elapsed time: 0.030234 seconds
Number: (25) 1377254738863222310984025
please wait...
Factors: 3 5 5 7 37 79687 453197 1963264187
Elapsed time: 0.029168 seconds
Number: (25) 1377254738863222310984025
please wait...
Factors: 3 5 5 7 37 79687 453197 1963264187
Elapsed time: 0.030878 seconds
Number: (25) 1377254738863222310984025
please wait...
Factors: 3 5 5 7 37 79687 453197 1963264187
Elapsed time: 0.033484 seconds
Number: (25) 1377254738863222310984025
please wait...
Factors: 3 5 5 7 37 79687 453197 1963264187
Elapsed time: 0.033841 seconds
Number: (25) 1377254738863222310984025
please wait...
Factors: 3 5 5 7 37 79687 453197 1963264187
Elapsed time: 0.033679 seconds
Number: (30) 137725473886322231098402511249
please wait...
Factors: 7 19 29 56893 42052867 14924857453447
Elapsed time: 2.231416 seconds
Number: (30) 918518537566508520602250337040
please wait...
Factors: 2 2 2 2 5 7 19 89849 960800122677116209889
Elapsed time: 2354.851032 seconds
Number: (30) 163996386541272336374242727742
please wait...
Factors: 2 3 3 3 11 11 29 30839 141793 197925646763311
Elapsed time: 0.694959 seconds
Number: (30) 163996386541272336374242727742
please wait...
Factors: 2 3 3 3 11 11 29 30839 141793 197925646763311
Elapsed time: 0.697955 seconds
Number: (30) 187947801202973095885529569739
please wait...
Factors: 7 7 509 8311 906713547270671265889
Elapsed time: 2304.025658 seconds
Number: (30) 428623647900347335324139156371
please wait...
Factors: 61 16100959591 436409838741655321
Elapsed time: 1223.454324 seconds
Number: (30) 649956874914790411035705757597
please wait...
Factors: 137 1123 11903 143261 39720587 62371207
Elapsed time: 1.961965 seconds
Number: (30) 954558110524807080000004118424
please wait...
Factors: 2 2 2 3 7 4084859 1390964416404241510277
Elapsed time: 2892.058758 seconds
Number: (30) 335556205771981136831723278459
please wait...
Factors: 53 197423 172566689 185838072319649
Elapsed time: 9.088162 seconds
Number: (30) 507447849617057737960356596603
please wait...
Factors: 11 23 71363 28105919394631973066077
Elapsed time: 13472.528795 seconds
